Terminals unused in grammar

   RESERVED


Gramática

    0 $accept: Program $end

    1 Program: CLASS ID OBRACE CBRACE
    2        | CLASS ID OBRACE InitDeclaration CBRACE

    3 InitDeclaration: FieldDecl
    4                | MethodDecl
    5                | SEMI
    6                | InitDeclaration FieldDecl
    7                | InitDeclaration MethodDecl
    8                | InitDeclaration SEMI

    9 FieldDecl: PUBLIC STATIC Type ID SEMI
   10          | PUBLIC STATIC Type ID CommaID SEMI
   11          | error SEMI

   12 CommaID: COMMA ID
   13        | COMMA ID CommaID

   14 MethodDecl: PUBLIC STATIC MethodHeader MethodBody

   15 MethodHeader: Type ID OCURV FormalParams CCURV
   16             | Type ID OCURV CCURV
   17             | VOID ID OCURV FormalParams CCURV
   18             | VOID ID OCURV CCURV

   19 MethodBody: OBRACE CBRACE
   20           | OBRACE MethodParams CBRACE

   21 MethodParams: VarDecl
   22             | Statement
   23             | MethodParams VarDecl
   24             | MethodParams Statement

   25 FormalParams: ParamDecl

   26 ParamDecl: Type ID
   27          | Type ID CommaTypeID
   28          | STRING OSQUARE CSQUARE ID

   29 CommaTypeID: COMMA Type ID
   30            | COMMA Type ID CommaTypeID

   31 VarDecl: Type ID SEMI
   32        | Type ID VarBody SEMI

   33 VarBody: COMMA ID
   34        | COMMA ID VarBody

   35 Type: BOOL
   36     | INT
   37     | DOUBLE

   38 Statement: OBRACE CBRACE
   39          | OBRACE StatementList CBRACE
   40          | IF OCURV Expr CCURV Statement
   41          | IF OCURV Expr CCURV Statement ELSE Statement
   42          | WHILE OCURV Expr CCURV Statement
   43          | DO Statement WHILE OCURV Expr CCURV SEMI
   44          | PRINT OCURV Expr CCURV SEMI
   45          | PRINT OCURV STRLIT CCURV SEMI
   46          | SEMI
   47          | Assignment SEMI
   48          | MethodInvocation SEMI
   49          | ParseArgs SEMI
   50          | RETURN SEMI
   51          | RETURN Expr SEMI
   52          | error SEMI

   53 StatementList: Statement
   54              | StatementList Statement

   55 Assignment: ID ASSIGN Expr

   56 MethodInvocation: ID OCURV CCURV
   57                 | ID OCURV Expr CCURV
   58                 | ID OCURV Expr CommaExpr CCURV
   59                 | ID OCURV error CCURV

   60 CommaExpr: COMMA Expr
   61          | CommaExpr COMMA Expr

   62 ParseArgs: PARSEINT OCURV ID OSQUARE Expr CSQUARE CCURV
   63          | PARSEINT OCURV error CCURV

   64 Expr: Assignment
   65     | ExprAux

   66 ExprAux: MethodInvocation
   67        | ParseArgs
   68        | ExprAux AND ExprAux
   69        | ExprAux OR ExprAux
   70        | ExprAux EQ ExprAux
   71        | ExprAux GEQ ExprAux
   72        | ExprAux GT ExprAux
   73        | ExprAux LEQ ExprAux
   74        | ExprAux LT ExprAux
   75        | ExprAux NEQ ExprAux
   76        | ExprAux PLUS ExprAux
   77        | ExprAux MINUS ExprAux
   78        | ExprAux STAR ExprAux
   79        | ExprAux DIV ExprAux
   80        | ExprAux MOD ExprAux
   81        | PLUS ExprAux
   82        | MINUS ExprAux
   83        | NOT ExprAux
   84        | ID
   85        | ID DOTLENGTH
   86        | OCURV Expr CCURV
   87        | BOOLLIT
   88        | DECLIT
   89        | REALLIT
   90        | OCURV error CCURV


Terminais, com as regras aonde aparecem

$end (0) 0
error (256) 11 52 59 63 90
PRECEDENCE (258)
STRLIT (259) 45
REALLIT (260) 89
DECLIT (261) 88
BOOLLIT (262) 87
ID (263) 1 2 9 10 12 13 15 16 17 18 26 27 28 29 30 31 32 33 34 55 56
    57 58 59 62 84 85
BOOL (264) 35
INT (265) 36
DOUBLE (266) 37
RESERVED (267)
CLASS (268) 1 2
DO (269) 43
DOTLENGTH (270) 85
ELSE (271) 41
IF (272) 40 41
PARSEINT (273) 62 63
PRINT (274) 44 45
PUBLIC (275) 9 10 14
RETURN (276) 50 51
STATIC (277) 9 10 14
STRING (278) 28
VOID (279) 17 18
WHILE (280) 42 43
OCURV (281) 15 16 17 18 40 41 42 43 44 45 56 57 58 59 62 63 86 90
CCURV (282) 15 16 17 18 40 41 42 43 44 45 56 57 58 59 62 63 86 90
OBRACE (283) 1 2 19 20 38 39
CBRACE (284) 1 2 19 20 38 39
OSQUARE (285) 28 62
CSQUARE (286) 28 62
AND (287) 68
OR (288) 69
LT (289) 74
GT (290) 72
EQ (291) 70
NEQ (292) 75
LEQ (293) 73
GEQ (294) 71
PLUS (295) 76 81
MINUS (296) 77 82
STAR (297) 78
DIV (298) 79
MOD (299) 80
NOT (300) 83
ASSIGN (301) 55
SEMI (302) 5 8 9 10 11 31 32 43 44 45 46 47 48 49 50 51 52
COMMA (303) 12 13 29 30 33 34 60 61
LOWER_THAN_ELSE (304)


Não-terminais, com as regras aonde aparecem

$accept (50)
    à esquerda: 0
Program (51)
    à esquerda: 1 2, à direita: 0
InitDeclaration (52)
    à esquerda: 3 4 5 6 7 8, à direita: 2 6 7 8
FieldDecl (53)
    à esquerda: 9 10 11, à direita: 3 6
CommaID (54)
    à esquerda: 12 13, à direita: 10 13
MethodDecl (55)
    à esquerda: 14, à direita: 4 7
MethodHeader (56)
    à esquerda: 15 16 17 18, à direita: 14
MethodBody (57)
    à esquerda: 19 20, à direita: 14
MethodParams (58)
    à esquerda: 21 22 23 24, à direita: 20 23 24
FormalParams (59)
    à esquerda: 25, à direita: 15 17
ParamDecl (60)
    à esquerda: 26 27 28, à direita: 25
CommaTypeID (61)
    à esquerda: 29 30, à direita: 27 30
VarDecl (62)
    à esquerda: 31 32, à direita: 21 23
VarBody (63)
    à esquerda: 33 34, à direita: 32 34
Type (64)
    à esquerda: 35 36 37, à direita: 9 10 15 16 26 27 29 30 31 32
Statement (65)
    à esquerda: 38 39 40 41 42 43 44 45 46 47 48 49 50 51 52, à direita:
    22 24 40 41 42 43 53 54
StatementList (66)
    à esquerda: 53 54, à direita: 39 54
Assignment (67)
    à esquerda: 55, à direita: 47 64
MethodInvocation (68)
    à esquerda: 56 57 58 59, à direita: 48 66
CommaExpr (69)
    à esquerda: 60 61, à direita: 58 61
ParseArgs (70)
    à esquerda: 62 63, à direita: 49 67
Expr (71)
    à esquerda: 64 65, à direita: 40 41 42 43 44 51 55 57 58 60 61
    62 86
ExprAux (72)
    à esquerda: 66 67 68 69 70 71 72 73 74 75 76 77 78 79 80 81 82
    83 84 85 86 87 88 89 90, à direita: 65 68 69 70 71 72 73 74 75
    76 77 78 79 80 81 82 83


Estado0

    0 $accept: . Program $end

    CLASS  fazer shift, e ir para o estado 1

    Program  ir para o estado 2


Estado1

    1 Program: CLASS . ID OBRACE CBRACE
    2        | CLASS . ID OBRACE InitDeclaration CBRACE

    ID  fazer shift, e ir para o estado 3


Estado2

    0 $accept: Program . $end

    $end  fazer shift, e ir para o estado 4


Estado3

    1 Program: CLASS ID . OBRACE CBRACE
    2        | CLASS ID . OBRACE InitDeclaration CBRACE

    OBRACE  fazer shift, e ir para o estado 5


Estado4

    0 $accept: Program $end .

    $default  aceite


Estado5

    1 Program: CLASS ID OBRACE . CBRACE
    2        | CLASS ID OBRACE . InitDeclaration CBRACE

    error   fazer shift, e ir para o estado 6
    PUBLIC  fazer shift, e ir para o estado 7
    CBRACE  fazer shift, e ir para o estado 8
    SEMI    fazer shift, e ir para o estado 9

    InitDeclaration  ir para o estado 10
    FieldDecl        ir para o estado 11
    MethodDecl       ir para o estado 12


Estado6

   11 FieldDecl: error . SEMI

    SEMI  fazer shift, e ir para o estado 13


Estado7

    9 FieldDecl: PUBLIC . STATIC Type ID SEMI
   10          | PUBLIC . STATIC Type ID CommaID SEMI
   14 MethodDecl: PUBLIC . STATIC MethodHeader MethodBody

    STATIC  fazer shift, e ir para o estado 14


Estado8

    1 Program: CLASS ID OBRACE CBRACE .

    $default  reduzir usando a regra 1 (Program)


Estado9

    5 InitDeclaration: SEMI .

    $default  reduzir usando a regra 5 (InitDeclaration)


Estado10

    2 Program: CLASS ID OBRACE InitDeclaration . CBRACE
    6 InitDeclaration: InitDeclaration . FieldDecl
    7                | InitDeclaration . MethodDecl
    8                | InitDeclaration . SEMI

    error   fazer shift, e ir para o estado 6
    PUBLIC  fazer shift, e ir para o estado 7
    CBRACE  fazer shift, e ir para o estado 15
    SEMI    fazer shift, e ir para o estado 16

    FieldDecl   ir para o estado 17
    MethodDecl  ir para o estado 18


Estado11

    3 InitDeclaration: FieldDecl .

    $default  reduzir usando a regra 3 (InitDeclaration)


Estado12

    4 InitDeclaration: MethodDecl .

    $default  reduzir usando a regra 4 (InitDeclaration)


Estado13

   11 FieldDecl: error SEMI .

    $default  reduzir usando a regra 11 (FieldDecl)


Estado14

    9 FieldDecl: PUBLIC STATIC . Type ID SEMI
   10          | PUBLIC STATIC . Type ID CommaID SEMI
   14 MethodDecl: PUBLIC STATIC . MethodHeader MethodBody

    BOOL    fazer shift, e ir para o estado 19
    INT     fazer shift, e ir para o estado 20
    DOUBLE  fazer shift, e ir para o estado 21
    VOID    fazer shift, e ir para o estado 22

    MethodHeader  ir para o estado 23
    Type          ir para o estado 24


Estado15

    2 Program: CLASS ID OBRACE InitDeclaration CBRACE .

    $default  reduzir usando a regra 2 (Program)


Estado16

    8 InitDeclaration: InitDeclaration SEMI .

    $default  reduzir usando a regra 8 (InitDeclaration)


Estado17

    6 InitDeclaration: InitDeclaration FieldDecl .

    $default  reduzir usando a regra 6 (InitDeclaration)


Estado18

    7 InitDeclaration: InitDeclaration MethodDecl .

    $default  reduzir usando a regra 7 (InitDeclaration)


Estado19

   35 Type: BOOL .

    $default  reduzir usando a regra 35 (Type)


Estado20

   36 Type: INT .

    $default  reduzir usando a regra 36 (Type)


Estado21

   37 Type: DOUBLE .

    $default  reduzir usando a regra 37 (Type)


Estado22

   17 MethodHeader: VOID . ID OCURV FormalParams CCURV
   18             | VOID . ID OCURV CCURV

    ID  fazer shift, e ir para o estado 25


Estado23

   14 MethodDecl: PUBLIC STATIC MethodHeader . MethodBody

    OBRACE  fazer shift, e ir para o estado 26

    MethodBody  ir para o estado 27


Estado24

    9 FieldDecl: PUBLIC STATIC Type . ID SEMI
   10          | PUBLIC STATIC Type . ID CommaID SEMI
   15 MethodHeader: Type . ID OCURV FormalParams CCURV
   16             | Type . ID OCURV CCURV

    ID  fazer shift, e ir para o estado 28


Estado25

   17 MethodHeader: VOID ID . OCURV FormalParams CCURV
   18             | VOID ID . OCURV CCURV

    OCURV  fazer shift, e ir para o estado 29


Estado26

   19 MethodBody: OBRACE . CBRACE
   20           | OBRACE . MethodParams CBRACE

    error     fazer shift, e ir para o estado 30
    ID        fazer shift, e ir para o estado 31
    BOOL      fazer shift, e ir para o estado 19
    INT       fazer shift, e ir para o estado 20
    DOUBLE    fazer shift, e ir para o estado 21
    DO        fazer shift, e ir para o estado 32
    IF        fazer shift, e ir para o estado 33
    PARSEINT  fazer shift, e ir para o estado 34
    PRINT     fazer shift, e ir para o estado 35
    RETURN    fazer shift, e ir para o estado 36
    WHILE     fazer shift, e ir para o estado 37
    OBRACE    fazer shift, e ir para o estado 38
    CBRACE    fazer shift, e ir para o estado 39
    SEMI      fazer shift, e ir para o estado 40

    MethodParams      ir para o estado 41
    VarDecl           ir para o estado 42
    Type              ir para o estado 43
    Statement         ir para o estado 44
    Assignment        ir para o estado 45
    MethodInvocation  ir para o estado 46
    ParseArgs         ir para o estado 47


Estado27

   14 MethodDecl: PUBLIC STATIC MethodHeader MethodBody .

    $default  reduzir usando a regra 14 (MethodDecl)


Estado28

    9 FieldDecl: PUBLIC STATIC Type ID . SEMI
   10          | PUBLIC STATIC Type ID . CommaID SEMI
   15 MethodHeader: Type ID . OCURV FormalParams CCURV
   16             | Type ID . OCURV CCURV

    OCURV  fazer shift, e ir para o estado 48
    SEMI   fazer shift, e ir para o estado 49
    COMMA  fazer shift, e ir para o estado 50

    CommaID  ir para o estado 51


Estado29

   17 MethodHeader: VOID ID OCURV . FormalParams CCURV
   18             | VOID ID OCURV . CCURV

    BOOL    fazer shift, e ir para o estado 19
    INT     fazer shift, e ir para o estado 20
    DOUBLE  fazer shift, e ir para o estado 21
    STRING  fazer shift, e ir para o estado 52
    CCURV   fazer shift, e ir para o estado 53

    FormalParams  ir para o estado 54
    ParamDecl     ir para o estado 55
    Type          ir para o estado 56


Estado30

   52 Statement: error . SEMI

    SEMI  fazer shift, e ir para o estado 57


Estado31

   55 Assignment: ID . ASSIGN Expr
   56 MethodInvocation: ID . OCURV CCURV
   57                 | ID . OCURV Expr CCURV
   58                 | ID . OCURV Expr CommaExpr CCURV
   59                 | ID . OCURV error CCURV

    OCURV   fazer shift, e ir para o estado 58
    ASSIGN  fazer shift, e ir para o estado 59


Estado32

   43 Statement: DO . Statement WHILE OCURV Expr CCURV SEMI

    error     fazer shift, e ir para o estado 30
    ID        fazer shift, e ir para o estado 31
    DO        fazer shift, e ir para o estado 32
    IF        fazer shift, e ir para o estado 33
    PARSEINT  fazer shift, e ir para o estado 34
    PRINT     fazer shift, e ir para o estado 35
    RETURN    fazer shift, e ir para o estado 36
    WHILE     fazer shift, e ir para o estado 37
    OBRACE    fazer shift, e ir para o estado 38
    SEMI      fazer shift, e ir para o estado 40

    Statement         ir para o estado 60
    Assignment        ir para o estado 45
    MethodInvocation  ir para o estado 46
    ParseArgs         ir para o estado 47


Estado33

   40 Statement: IF . OCURV Expr CCURV Statement
   41          | IF . OCURV Expr CCURV Statement ELSE Statement

    OCURV  fazer shift, e ir para o estado 61


Estado34

   62 ParseArgs: PARSEINT . OCURV ID OSQUARE Expr CSQUARE CCURV
   63          | PARSEINT . OCURV error CCURV

    OCURV  fazer shift, e ir para o estado 62


Estado35

   44 Statement: PRINT . OCURV Expr CCURV SEMI
   45          | PRINT . OCURV STRLIT CCURV SEMI

    OCURV  fazer shift, e ir para o estado 63


Estado36

   50 Statement: RETURN . SEMI
   51          | RETURN . Expr SEMI

    REALLIT   fazer shift, e ir para o estado 64
    DECLIT    fazer shift, e ir para o estado 65
    BOOLLIT   fazer shift, e ir para o estado 66
    ID        fazer shift, e ir para o estado 67
    PARSEINT  fazer shift, e ir para o estado 34
    OCURV     fazer shift, e ir para o estado 68
    PLUS      fazer shift, e ir para o estado 69
    MINUS     fazer shift, e ir para o estado 70
    NOT       fazer shift, e ir para o estado 71
    SEMI      fazer shift, e ir para o estado 72

    Assignment        ir para o estado 73
    MethodInvocation  ir para o estado 74
    ParseArgs         ir para o estado 75
    Expr              ir para o estado 76
    ExprAux           ir para o estado 77


Estado37

   42 Statement: WHILE . OCURV Expr CCURV Statement

    OCURV  fazer shift, e ir para o estado 78


Estado38

   38 Statement: OBRACE . CBRACE
   39          | OBRACE . StatementList CBRACE

    error     fazer shift, e ir para o estado 30
    ID        fazer shift, e ir para o estado 31
    DO        fazer shift, e ir para o estado 32
    IF        fazer shift, e ir para o estado 33
    PARSEINT  fazer shift, e ir para o estado 34
    PRINT     fazer shift, e ir para o estado 35
    RETURN    fazer shift, e ir para o estado 36
    WHILE     fazer shift, e ir para o estado 37
    OBRACE    fazer shift, e ir para o estado 38
    CBRACE    fazer shift, e ir para o estado 79
    SEMI      fazer shift, e ir para o estado 40

    Statement         ir para o estado 80
    StatementList     ir para o estado 81
    Assignment        ir para o estado 45
    MethodInvocation  ir para o estado 46
    ParseArgs         ir para o estado 47


Estado39

   19 MethodBody: OBRACE CBRACE .

    $default  reduzir usando a regra 19 (MethodBody)


Estado40

   46 Statement: SEMI .

    $default  reduzir usando a regra 46 (Statement)


Estado41

   20 MethodBody: OBRACE MethodParams . CBRACE
   23 MethodParams: MethodParams . VarDecl
   24             | MethodParams . Statement

    error     fazer shift, e ir para o estado 30
    ID        fazer shift, e ir para o estado 31
    BOOL      fazer shift, e ir para o estado 19
    INT       fazer shift, e ir para o estado 20
    DOUBLE    fazer shift, e ir para o estado 21
    DO        fazer shift, e ir para o estado 32
    IF        fazer shift, e ir para o estado 33
    PARSEINT  fazer shift, e ir para o estado 34
    PRINT     fazer shift, e ir para o estado 35
    RETURN    fazer shift, e ir para o estado 36
    WHILE     fazer shift, e ir para o estado 37
    OBRACE    fazer shift, e ir para o estado 38
    CBRACE    fazer shift, e ir para o estado 82
    SEMI      fazer shift, e ir para o estado 40

    VarDecl           ir para o estado 83
    Type              ir para o estado 43
    Statement         ir para o estado 84
    Assignment        ir para o estado 45
    MethodInvocation  ir para o estado 46
    ParseArgs         ir para o estado 47


Estado42

   21 MethodParams: VarDecl .

    $default  reduzir usando a regra 21 (MethodParams)


Estado43

   31 VarDecl: Type . ID SEMI
   32        | Type . ID VarBody SEMI

    ID  fazer shift, e ir para o estado 85


Estado44

   22 MethodParams: Statement .

    $default  reduzir usando a regra 22 (MethodParams)


Estado45

   47 Statement: Assignment . SEMI

    SEMI  fazer shift, e ir para o estado 86


Estado46

   48 Statement: MethodInvocation . SEMI

    SEMI  fazer shift, e ir para o estado 87


Estado47

   49 Statement: ParseArgs . SEMI

    SEMI  fazer shift, e ir para o estado 88


Estado48

   15 MethodHeader: Type ID OCURV . FormalParams CCURV
   16             | Type ID OCURV . CCURV

    BOOL    fazer shift, e ir para o estado 19
    INT     fazer shift, e ir para o estado 20
    DOUBLE  fazer shift, e ir para o estado 21
    STRING  fazer shift, e ir para o estado 52
    CCURV   fazer shift, e ir para o estado 89

    FormalParams  ir para o estado 90
    ParamDecl     ir para o estado 55
    Type          ir para o estado 56


Estado49

    9 FieldDecl: PUBLIC STATIC Type ID SEMI .

    $default  reduzir usando a regra 9 (FieldDecl)


Estado50

   12 CommaID: COMMA . ID
   13        | COMMA . ID CommaID

    ID  fazer shift, e ir para o estado 91


Estado51

   10 FieldDecl: PUBLIC STATIC Type ID CommaID . SEMI

    SEMI  fazer shift, e ir para o estado 92


Estado52

   28 ParamDecl: STRING . OSQUARE CSQUARE ID

    OSQUARE  fazer shift, e ir para o estado 93


Estado53

   18 MethodHeader: VOID ID OCURV CCURV .

    $default  reduzir usando a regra 18 (MethodHeader)


Estado54

   17 MethodHeader: VOID ID OCURV FormalParams . CCURV

    CCURV  fazer shift, e ir para o estado 94


Estado55

   25 FormalParams: ParamDecl .

    $default  reduzir usando a regra 25 (FormalParams)


Estado56

   26 ParamDecl: Type . ID
   27          | Type . ID CommaTypeID

    ID  fazer shift, e ir para o estado 95


Estado57

   52 Statement: error SEMI .

    $default  reduzir usando a regra 52 (Statement)


Estado58

   56 MethodInvocation: ID OCURV . CCURV
   57                 | ID OCURV . Expr CCURV
   58                 | ID OCURV . Expr CommaExpr CCURV
   59                 | ID OCURV . error CCURV

    error     fazer shift, e ir para o estado 96
    REALLIT   fazer shift, e ir para o estado 64
    DECLIT    fazer shift, e ir para o estado 65
    BOOLLIT   fazer shift, e ir para o estado 66
    ID        fazer shift, e ir para o estado 67
    PARSEINT  fazer shift, e ir para o estado 34
    OCURV     fazer shift, e ir para o estado 68
    CCURV     fazer shift, e ir para o estado 97
    PLUS      fazer shift, e ir para o estado 69
    MINUS     fazer shift, e ir para o estado 70
    NOT       fazer shift, e ir para o estado 71

    Assignment        ir para o estado 73
    MethodInvocation  ir para o estado 74
    ParseArgs         ir para o estado 75
    Expr              ir para o estado 98
    ExprAux           ir para o estado 77


Estado59

   55 Assignment: ID ASSIGN . Expr

    REALLIT   fazer shift, e ir para o estado 64
    DECLIT    fazer shift, e ir para o estado 65
    BOOLLIT   fazer shift, e ir para o estado 66
    ID        fazer shift, e ir para o estado 67
    PARSEINT  fazer shift, e ir para o estado 34
    OCURV     fazer shift, e ir para o estado 68
    PLUS      fazer shift, e ir para o estado 69
    MINUS     fazer shift, e ir para o estado 70
    NOT       fazer shift, e ir para o estado 71

    Assignment        ir para o estado 73
    MethodInvocation  ir para o estado 74
    ParseArgs         ir para o estado 75
    Expr              ir para o estado 99
    ExprAux           ir para o estado 77


Estado60

   43 Statement: DO Statement . WHILE OCURV Expr CCURV SEMI

    WHILE  fazer shift, e ir para o estado 100


Estado61

   40 Statement: IF OCURV . Expr CCURV Statement
   41          | IF OCURV . Expr CCURV Statement ELSE Statement

    REALLIT   fazer shift, e ir para o estado 64
    DECLIT    fazer shift, e ir para o estado 65
    BOOLLIT   fazer shift, e ir para o estado 66
    ID        fazer shift, e ir para o estado 67
    PARSEINT  fazer shift, e ir para o estado 34
    OCURV     fazer shift, e ir para o estado 68
    PLUS      fazer shift, e ir para o estado 69
    MINUS     fazer shift, e ir para o estado 70
    NOT       fazer shift, e ir para o estado 71

    Assignment        ir para o estado 73
    MethodInvocation  ir para o estado 74
    ParseArgs         ir para o estado 75
    Expr              ir para o estado 101
    ExprAux           ir para o estado 77


Estado62

   62 ParseArgs: PARSEINT OCURV . ID OSQUARE Expr CSQUARE CCURV
   63          | PARSEINT OCURV . error CCURV

    error  fazer shift, e ir para o estado 102
    ID     fazer shift, e ir para o estado 103


Estado63

   44 Statement: PRINT OCURV . Expr CCURV SEMI
   45          | PRINT OCURV . STRLIT CCURV SEMI

    STRLIT    fazer shift, e ir para o estado 104
    REALLIT   fazer shift, e ir para o estado 64
    DECLIT    fazer shift, e ir para o estado 65
    BOOLLIT   fazer shift, e ir para o estado 66
    ID        fazer shift, e ir para o estado 67
    PARSEINT  fazer shift, e ir para o estado 34
    OCURV     fazer shift, e ir para o estado 68
    PLUS      fazer shift, e ir para o estado 69
    MINUS     fazer shift, e ir para o estado 70
    NOT       fazer shift, e ir para o estado 71

    Assignment        ir para o estado 73
    MethodInvocation  ir para o estado 74
    ParseArgs         ir para o estado 75
    Expr              ir para o estado 105
    ExprAux           ir para o estado 77


Estado64

   89 ExprAux: REALLIT .

    $default  reduzir usando a regra 89 (ExprAux)


Estado65

   88 ExprAux: DECLIT .

    $default  reduzir usando a regra 88 (ExprAux)


Estado66

   87 ExprAux: BOOLLIT .

    $default  reduzir usando a regra 87 (ExprAux)


Estado67

   55 Assignment: ID . ASSIGN Expr
   56 MethodInvocation: ID . OCURV CCURV
   57                 | ID . OCURV Expr CCURV
   58                 | ID . OCURV Expr CommaExpr CCURV
   59                 | ID . OCURV error CCURV
   84 ExprAux: ID .
   85        | ID . DOTLENGTH

    DOTLENGTH  fazer shift, e ir para o estado 106
    OCURV      fazer shift, e ir para o estado 58
    ASSIGN     fazer shift, e ir para o estado 59

    $default  reduzir usando a regra 84 (ExprAux)


Estado68

   86 ExprAux: OCURV . Expr CCURV
   90        | OCURV . error CCURV

    error     fazer shift, e ir para o estado 107
    REALLIT   fazer shift, e ir para o estado 64
    DECLIT    fazer shift, e ir para o estado 65
    BOOLLIT   fazer shift, e ir para o estado 66
    ID        fazer shift, e ir para o estado 67
    PARSEINT  fazer shift, e ir para o estado 34
    OCURV     fazer shift, e ir para o estado 68
    PLUS      fazer shift, e ir para o estado 69
    MINUS     fazer shift, e ir para o estado 70
    NOT       fazer shift, e ir para o estado 71

    Assignment        ir para o estado 73
    MethodInvocation  ir para o estado 74
    ParseArgs         ir para o estado 75
    Expr              ir para o estado 108
    ExprAux           ir para o estado 77


Estado69

   81 ExprAux: PLUS . ExprAux

    REALLIT   fazer shift, e ir para o estado 64
    DECLIT    fazer shift, e ir para o estado 65
    BOOLLIT   fazer shift, e ir para o estado 66
    ID        fazer shift, e ir para o estado 109
    PARSEINT  fazer shift, e ir para o estado 34
    OCURV     fazer shift, e ir para o estado 68
    PLUS      fazer shift, e ir para o estado 69
    MINUS     fazer shift, e ir para o estado 70
    NOT       fazer shift, e ir para o estado 71

    MethodInvocation  ir para o estado 74
    ParseArgs         ir para o estado 75
    ExprAux           ir para o estado 110


Estado70

   82 ExprAux: MINUS . ExprAux

    REALLIT   fazer shift, e ir para o estado 64
    DECLIT    fazer shift, e ir para o estado 65
    BOOLLIT   fazer shift, e ir para o estado 66
    ID        fazer shift, e ir para o estado 109
    PARSEINT  fazer shift, e ir para o estado 34
    OCURV     fazer shift, e ir para o estado 68
    PLUS      fazer shift, e ir para o estado 69
    MINUS     fazer shift, e ir para o estado 70
    NOT       fazer shift, e ir para o estado 71

    MethodInvocation  ir para o estado 74
    ParseArgs         ir para o estado 75
    ExprAux           ir para o estado 111


Estado71

   83 ExprAux: NOT . ExprAux

    REALLIT   fazer shift, e ir para o estado 64
    DECLIT    fazer shift, e ir para o estado 65
    BOOLLIT   fazer shift, e ir para o estado 66
    ID        fazer shift, e ir para o estado 109
    PARSEINT  fazer shift, e ir para o estado 34
    OCURV     fazer shift, e ir para o estado 68
    PLUS      fazer shift, e ir para o estado 69
    MINUS     fazer shift, e ir para o estado 70
    NOT       fazer shift, e ir para o estado 71

    MethodInvocation  ir para o estado 74
    ParseArgs         ir para o estado 75
    ExprAux           ir para o estado 112


Estado72

   50 Statement: RETURN SEMI .

    $default  reduzir usando a regra 50 (Statement)


Estado73

   64 Expr: Assignment .

    $default  reduzir usando a regra 64 (Expr)


Estado74

   66 ExprAux: MethodInvocation .

    $default  reduzir usando a regra 66 (ExprAux)


Estado75

   67 ExprAux: ParseArgs .

    $default  reduzir usando a regra 67 (ExprAux)


Estado76

   51 Statement: RETURN Expr . SEMI

    SEMI  fazer shift, e ir para o estado 113


Estado77

   65 Expr: ExprAux .
   68 ExprAux: ExprAux . AND ExprAux
   69        | ExprAux . OR ExprAux
   70        | ExprAux . EQ ExprAux
   71        | ExprAux . GEQ ExprAux
   72        | ExprAux . GT ExprAux
   73        | ExprAux . LEQ ExprAux
   74        | ExprAux . LT ExprAux
   75        | ExprAux . NEQ ExprAux
   76        | ExprAux . PLUS ExprAux
   77        | ExprAux . MINUS ExprAux
   78        | ExprAux . STAR ExprAux
   79        | ExprAux . DIV ExprAux
   80        | ExprAux . MOD ExprAux

    AND    fazer shift, e ir para o estado 114
    OR     fazer shift, e ir para o estado 115
    LT     fazer shift, e ir para o estado 116
    GT     fazer shift, e ir para o estado 117
    EQ     fazer shift, e ir para o estado 118
    NEQ    fazer shift, e ir para o estado 119
    LEQ    fazer shift, e ir para o estado 120
    GEQ    fazer shift, e ir para o estado 121
    PLUS   fazer shift, e ir para o estado 122
    MINUS  fazer shift, e ir para o estado 123
    STAR   fazer shift, e ir para o estado 124
    DIV    fazer shift, e ir para o estado 125
    MOD    fazer shift, e ir para o estado 126

    $default  reduzir usando a regra 65 (Expr)


Estado78

   42 Statement: WHILE OCURV . Expr CCURV Statement

    REALLIT   fazer shift, e ir para o estado 64
    DECLIT    fazer shift, e ir para o estado 65
    BOOLLIT   fazer shift, e ir para o estado 66
    ID        fazer shift, e ir para o estado 67
    PARSEINT  fazer shift, e ir para o estado 34
    OCURV     fazer shift, e ir para o estado 68
    PLUS      fazer shift, e ir para o estado 69
    MINUS     fazer shift, e ir para o estado 70
    NOT       fazer shift, e ir para o estado 71

    Assignment        ir para o estado 73
    MethodInvocation  ir para o estado 74
    ParseArgs         ir para o estado 75
    Expr              ir para o estado 127
    ExprAux           ir para o estado 77


Estado79

   38 Statement: OBRACE CBRACE .

    $default  reduzir usando a regra 38 (Statement)


Estado80

   53 StatementList: Statement .

    $default  reduzir usando a regra 53 (StatementList)


Estado81

   39 Statement: OBRACE StatementList . CBRACE
   54 StatementList: StatementList . Statement

    error     fazer shift, e ir para o estado 30
    ID        fazer shift, e ir para o estado 31
    DO        fazer shift, e ir para o estado 32
    IF        fazer shift, e ir para o estado 33
    PARSEINT  fazer shift, e ir para o estado 34
    PRINT     fazer shift, e ir para o estado 35
    RETURN    fazer shift, e ir para o estado 36
    WHILE     fazer shift, e ir para o estado 37
    OBRACE    fazer shift, e ir para o estado 38
    CBRACE    fazer shift, e ir para o estado 128
    SEMI      fazer shift, e ir para o estado 40

    Statement         ir para o estado 129
    Assignment        ir para o estado 45
    MethodInvocation  ir para o estado 46
    ParseArgs         ir para o estado 47


Estado82

   20 MethodBody: OBRACE MethodParams CBRACE .

    $default  reduzir usando a regra 20 (MethodBody)


Estado83

   23 MethodParams: MethodParams VarDecl .

    $default  reduzir usando a regra 23 (MethodParams)


Estado84

   24 MethodParams: MethodParams Statement .

    $default  reduzir usando a regra 24 (MethodParams)


Estado85

   31 VarDecl: Type ID . SEMI
   32        | Type ID . VarBody SEMI

    SEMI   fazer shift, e ir para o estado 130
    COMMA  fazer shift, e ir para o estado 131

    VarBody  ir para o estado 132


Estado86

   47 Statement: Assignment SEMI .

    $default  reduzir usando a regra 47 (Statement)


Estado87

   48 Statement: MethodInvocation SEMI .

    $default  reduzir usando a regra 48 (Statement)


Estado88

   49 Statement: ParseArgs SEMI .

    $default  reduzir usando a regra 49 (Statement)


Estado89

   16 MethodHeader: Type ID OCURV CCURV .

    $default  reduzir usando a regra 16 (MethodHeader)


Estado90

   15 MethodHeader: Type ID OCURV FormalParams . CCURV

    CCURV  fazer shift, e ir para o estado 133


Estado91

   12 CommaID: COMMA ID .
   13        | COMMA ID . CommaID

    COMMA  fazer shift, e ir para o estado 50

    $default  reduzir usando a regra 12 (CommaID)

    CommaID  ir para o estado 134


Estado92

   10 FieldDecl: PUBLIC STATIC Type ID CommaID SEMI .

    $default  reduzir usando a regra 10 (FieldDecl)


Estado93

   28 ParamDecl: STRING OSQUARE . CSQUARE ID

    CSQUARE  fazer shift, e ir para o estado 135


Estado94

   17 MethodHeader: VOID ID OCURV FormalParams CCURV .

    $default  reduzir usando a regra 17 (MethodHeader)


Estado95

   26 ParamDecl: Type ID .
   27          | Type ID . CommaTypeID

    COMMA  fazer shift, e ir para o estado 136

    $default  reduzir usando a regra 26 (ParamDecl)

    CommaTypeID  ir para o estado 137


Estado96

   59 MethodInvocation: ID OCURV error . CCURV

    CCURV  fazer shift, e ir para o estado 138


Estado97

   56 MethodInvocation: ID OCURV CCURV .

    $default  reduzir usando a regra 56 (MethodInvocation)


Estado98

   57 MethodInvocation: ID OCURV Expr . CCURV
   58                 | ID OCURV Expr . CommaExpr CCURV

    CCURV  fazer shift, e ir para o estado 139
    COMMA  fazer shift, e ir para o estado 140

    CommaExpr  ir para o estado 141


Estado99

   55 Assignment: ID ASSIGN Expr .

    $default  reduzir usando a regra 55 (Assignment)


Estado100

   43 Statement: DO Statement WHILE . OCURV Expr CCURV SEMI

    OCURV  fazer shift, e ir para o estado 142


Estado101

   40 Statement: IF OCURV Expr . CCURV Statement
   41          | IF OCURV Expr . CCURV Statement ELSE Statement

    CCURV  fazer shift, e ir para o estado 143


Estado102

   63 ParseArgs: PARSEINT OCURV error . CCURV

    CCURV  fazer shift, e ir para o estado 144


Estado103

   62 ParseArgs: PARSEINT OCURV ID . OSQUARE Expr CSQUARE CCURV

    OSQUARE  fazer shift, e ir para o estado 145


Estado104

   45 Statement: PRINT OCURV STRLIT . CCURV SEMI

    CCURV  fazer shift, e ir para o estado 146


Estado105

   44 Statement: PRINT OCURV Expr . CCURV SEMI

    CCURV  fazer shift, e ir para o estado 147


Estado106

   85 ExprAux: ID DOTLENGTH .

    $default  reduzir usando a regra 85 (ExprAux)


Estado107

   90 ExprAux: OCURV error . CCURV

    CCURV  fazer shift, e ir para o estado 148


Estado108

   86 ExprAux: OCURV Expr . CCURV

    CCURV  fazer shift, e ir para o estado 149


Estado109

   56 MethodInvocation: ID . OCURV CCURV
   57                 | ID . OCURV Expr CCURV
   58                 | ID . OCURV Expr CommaExpr CCURV
   59                 | ID . OCURV error CCURV
   84 ExprAux: ID .
   85        | ID . DOTLENGTH

    DOTLENGTH  fazer shift, e ir para o estado 106
    OCURV      fazer shift, e ir para o estado 58

    $default  reduzir usando a regra 84 (ExprAux)


Estado110

   68 ExprAux: ExprAux . AND ExprAux
   69        | ExprAux . OR ExprAux
   70        | ExprAux . EQ ExprAux
   71        | ExprAux . GEQ ExprAux
   72        | ExprAux . GT ExprAux
   73        | ExprAux . LEQ ExprAux
   74        | ExprAux . LT ExprAux
   75        | ExprAux . NEQ ExprAux
   76        | ExprAux . PLUS ExprAux
   77        | ExprAux . MINUS ExprAux
   78        | ExprAux . STAR ExprAux
   79        | ExprAux . DIV ExprAux
   80        | ExprAux . MOD ExprAux
   81        | PLUS ExprAux .

    $default  reduzir usando a regra 81 (ExprAux)


Estado111

   68 ExprAux: ExprAux . AND ExprAux
   69        | ExprAux . OR ExprAux
   70        | ExprAux . EQ ExprAux
   71        | ExprAux . GEQ ExprAux
   72        | ExprAux . GT ExprAux
   73        | ExprAux . LEQ ExprAux
   74        | ExprAux . LT ExprAux
   75        | ExprAux . NEQ ExprAux
   76        | ExprAux . PLUS ExprAux
   77        | ExprAux . MINUS ExprAux
   78        | ExprAux . STAR ExprAux
   79        | ExprAux . DIV ExprAux
   80        | ExprAux . MOD ExprAux
   82        | MINUS ExprAux .

    $default  reduzir usando a regra 82 (ExprAux)


Estado112

   68 ExprAux: ExprAux . AND ExprAux
   69        | ExprAux . OR ExprAux
   70        | ExprAux . EQ ExprAux
   71        | ExprAux . GEQ ExprAux
   72        | ExprAux . GT ExprAux
   73        | ExprAux . LEQ ExprAux
   74        | ExprAux . LT ExprAux
   75        | ExprAux . NEQ ExprAux
   76        | ExprAux . PLUS ExprAux
   77        | ExprAux . MINUS ExprAux
   78        | ExprAux . STAR ExprAux
   79        | ExprAux . DIV ExprAux
   80        | ExprAux . MOD ExprAux
   83        | NOT ExprAux .

    $default  reduzir usando a regra 83 (ExprAux)


Estado113

   51 Statement: RETURN Expr SEMI .

    $default  reduzir usando a regra 51 (Statement)


Estado114

   68 ExprAux: ExprAux AND . ExprAux

    REALLIT   fazer shift, e ir para o estado 64
    DECLIT    fazer shift, e ir para o estado 65
    BOOLLIT   fazer shift, e ir para o estado 66
    ID        fazer shift, e ir para o estado 109
    PARSEINT  fazer shift, e ir para o estado 34
    OCURV     fazer shift, e ir para o estado 68
    PLUS      fazer shift, e ir para o estado 69
    MINUS     fazer shift, e ir para o estado 70
    NOT       fazer shift, e ir para o estado 71

    MethodInvocation  ir para o estado 74
    ParseArgs         ir para o estado 75
    ExprAux           ir para o estado 150


Estado115

   69 ExprAux: ExprAux OR . ExprAux

    REALLIT   fazer shift, e ir para o estado 64
    DECLIT    fazer shift, e ir para o estado 65
    BOOLLIT   fazer shift, e ir para o estado 66
    ID        fazer shift, e ir para o estado 109
    PARSEINT  fazer shift, e ir para o estado 34
    OCURV     fazer shift, e ir para o estado 68
    PLUS      fazer shift, e ir para o estado 69
    MINUS     fazer shift, e ir para o estado 70
    NOT       fazer shift, e ir para o estado 71

    MethodInvocation  ir para o estado 74
    ParseArgs         ir para o estado 75
    ExprAux           ir para o estado 151


Estado116

   74 ExprAux: ExprAux LT . ExprAux

    REALLIT   fazer shift, e ir para o estado 64
    DECLIT    fazer shift, e ir para o estado 65
    BOOLLIT   fazer shift, e ir para o estado 66
    ID        fazer shift, e ir para o estado 109
    PARSEINT  fazer shift, e ir para o estado 34
    OCURV     fazer shift, e ir para o estado 68
    PLUS      fazer shift, e ir para o estado 69
    MINUS     fazer shift, e ir para o estado 70
    NOT       fazer shift, e ir para o estado 71

    MethodInvocation  ir para o estado 74
    ParseArgs         ir para o estado 75
    ExprAux           ir para o estado 152


Estado117

   72 ExprAux: ExprAux GT . ExprAux

    REALLIT   fazer shift, e ir para o estado 64
    DECLIT    fazer shift, e ir para o estado 65
    BOOLLIT   fazer shift, e ir para o estado 66
    ID        fazer shift, e ir para o estado 109
    PARSEINT  fazer shift, e ir para o estado 34
    OCURV     fazer shift, e ir para o estado 68
    PLUS      fazer shift, e ir para o estado 69
    MINUS     fazer shift, e ir para o estado 70
    NOT       fazer shift, e ir para o estado 71

    MethodInvocation  ir para o estado 74
    ParseArgs         ir para o estado 75
    ExprAux           ir para o estado 153


Estado118

   70 ExprAux: ExprAux EQ . ExprAux

    REALLIT   fazer shift, e ir para o estado 64
    DECLIT    fazer shift, e ir para o estado 65
    BOOLLIT   fazer shift, e ir para o estado 66
    ID        fazer shift, e ir para o estado 109
    PARSEINT  fazer shift, e ir para o estado 34
    OCURV     fazer shift, e ir para o estado 68
    PLUS      fazer shift, e ir para o estado 69
    MINUS     fazer shift, e ir para o estado 70
    NOT       fazer shift, e ir para o estado 71

    MethodInvocation  ir para o estado 74
    ParseArgs         ir para o estado 75
    ExprAux           ir para o estado 154


Estado119

   75 ExprAux: ExprAux NEQ . ExprAux

    REALLIT   fazer shift, e ir para o estado 64
    DECLIT    fazer shift, e ir para o estado 65
    BOOLLIT   fazer shift, e ir para o estado 66
    ID        fazer shift, e ir para o estado 109
    PARSEINT  fazer shift, e ir para o estado 34
    OCURV     fazer shift, e ir para o estado 68
    PLUS      fazer shift, e ir para o estado 69
    MINUS     fazer shift, e ir para o estado 70
    NOT       fazer shift, e ir para o estado 71

    MethodInvocation  ir para o estado 74
    ParseArgs         ir para o estado 75
    ExprAux           ir para o estado 155


Estado120

   73 ExprAux: ExprAux LEQ . ExprAux

    REALLIT   fazer shift, e ir para o estado 64
    DECLIT    fazer shift, e ir para o estado 65
    BOOLLIT   fazer shift, e ir para o estado 66
    ID        fazer shift, e ir para o estado 109
    PARSEINT  fazer shift, e ir para o estado 34
    OCURV     fazer shift, e ir para o estado 68
    PLUS      fazer shift, e ir para o estado 69
    MINUS     fazer shift, e ir para o estado 70
    NOT       fazer shift, e ir para o estado 71

    MethodInvocation  ir para o estado 74
    ParseArgs         ir para o estado 75
    ExprAux           ir para o estado 156


Estado121

   71 ExprAux: ExprAux GEQ . ExprAux

    REALLIT   fazer shift, e ir para o estado 64
    DECLIT    fazer shift, e ir para o estado 65
    BOOLLIT   fazer shift, e ir para o estado 66
    ID        fazer shift, e ir para o estado 109
    PARSEINT  fazer shift, e ir para o estado 34
    OCURV     fazer shift, e ir para o estado 68
    PLUS      fazer shift, e ir para o estado 69
    MINUS     fazer shift, e ir para o estado 70
    NOT       fazer shift, e ir para o estado 71

    MethodInvocation  ir para o estado 74
    ParseArgs         ir para o estado 75
    ExprAux           ir para o estado 157


Estado122

   76 ExprAux: ExprAux PLUS . ExprAux

    REALLIT   fazer shift, e ir para o estado 64
    DECLIT    fazer shift, e ir para o estado 65
    BOOLLIT   fazer shift, e ir para o estado 66
    ID        fazer shift, e ir para o estado 109
    PARSEINT  fazer shift, e ir para o estado 34
    OCURV     fazer shift, e ir para o estado 68
    PLUS      fazer shift, e ir para o estado 69
    MINUS     fazer shift, e ir para o estado 70
    NOT       fazer shift, e ir para o estado 71

    MethodInvocation  ir para o estado 74
    ParseArgs         ir para o estado 75
    ExprAux           ir para o estado 158


Estado123

   77 ExprAux: ExprAux MINUS . ExprAux

    REALLIT   fazer shift, e ir para o estado 64
    DECLIT    fazer shift, e ir para o estado 65
    BOOLLIT   fazer shift, e ir para o estado 66
    ID        fazer shift, e ir para o estado 109
    PARSEINT  fazer shift, e ir para o estado 34
    OCURV     fazer shift, e ir para o estado 68
    PLUS      fazer shift, e ir para o estado 69
    MINUS     fazer shift, e ir para o estado 70
    NOT       fazer shift, e ir para o estado 71

    MethodInvocation  ir para o estado 74
    ParseArgs         ir para o estado 75
    ExprAux           ir para o estado 159


Estado124

   78 ExprAux: ExprAux STAR . ExprAux

    REALLIT   fazer shift, e ir para o estado 64
    DECLIT    fazer shift, e ir para o estado 65
    BOOLLIT   fazer shift, e ir para o estado 66
    ID        fazer shift, e ir para o estado 109
    PARSEINT  fazer shift, e ir para o estado 34
    OCURV     fazer shift, e ir para o estado 68
    PLUS      fazer shift, e ir para o estado 69
    MINUS     fazer shift, e ir para o estado 70
    NOT       fazer shift, e ir para o estado 71

    MethodInvocation  ir para o estado 74
    ParseArgs         ir para o estado 75
    ExprAux           ir para o estado 160


Estado125

   79 ExprAux: ExprAux DIV . ExprAux

    REALLIT   fazer shift, e ir para o estado 64
    DECLIT    fazer shift, e ir para o estado 65
    BOOLLIT   fazer shift, e ir para o estado 66
    ID        fazer shift, e ir para o estado 109
    PARSEINT  fazer shift, e ir para o estado 34
    OCURV     fazer shift, e ir para o estado 68
    PLUS      fazer shift, e ir para o estado 69
    MINUS     fazer shift, e ir para o estado 70
    NOT       fazer shift, e ir para o estado 71

    MethodInvocation  ir para o estado 74
    ParseArgs         ir para o estado 75
    ExprAux           ir para o estado 161


Estado126

   80 ExprAux: ExprAux MOD . ExprAux

    REALLIT   fazer shift, e ir para o estado 64
    DECLIT    fazer shift, e ir para o estado 65
    BOOLLIT   fazer shift, e ir para o estado 66
    ID        fazer shift, e ir para o estado 109
    PARSEINT  fazer shift, e ir para o estado 34
    OCURV     fazer shift, e ir para o estado 68
    PLUS      fazer shift, e ir para o estado 69
    MINUS     fazer shift, e ir para o estado 70
    NOT       fazer shift, e ir para o estado 71

    MethodInvocation  ir para o estado 74
    ParseArgs         ir para o estado 75
    ExprAux           ir para o estado 162


Estado127

   42 Statement: WHILE OCURV Expr . CCURV Statement

    CCURV  fazer shift, e ir para o estado 163


Estado128

   39 Statement: OBRACE StatementList CBRACE .

    $default  reduzir usando a regra 39 (Statement)


Estado129

   54 StatementList: StatementList Statement .

    $default  reduzir usando a regra 54 (StatementList)


Estado130

   31 VarDecl: Type ID SEMI .

    $default  reduzir usando a regra 31 (VarDecl)


Estado131

   33 VarBody: COMMA . ID
   34        | COMMA . ID VarBody

    ID  fazer shift, e ir para o estado 164


Estado132

   32 VarDecl: Type ID VarBody . SEMI

    SEMI  fazer shift, e ir para o estado 165


Estado133

   15 MethodHeader: Type ID OCURV FormalParams CCURV .

    $default  reduzir usando a regra 15 (MethodHeader)


Estado134

   13 CommaID: COMMA ID CommaID .

    $default  reduzir usando a regra 13 (CommaID)


Estado135

   28 ParamDecl: STRING OSQUARE CSQUARE . ID

    ID  fazer shift, e ir para o estado 166


Estado136

   29 CommaTypeID: COMMA . Type ID
   30            | COMMA . Type ID CommaTypeID

    BOOL    fazer shift, e ir para o estado 19
    INT     fazer shift, e ir para o estado 20
    DOUBLE  fazer shift, e ir para o estado 21

    Type  ir para o estado 167


Estado137

   27 ParamDecl: Type ID CommaTypeID .

    $default  reduzir usando a regra 27 (ParamDecl)


Estado138

   59 MethodInvocation: ID OCURV error CCURV .

    $default  reduzir usando a regra 59 (MethodInvocation)


Estado139

   57 MethodInvocation: ID OCURV Expr CCURV .

    $default  reduzir usando a regra 57 (MethodInvocation)


Estado140

   60 CommaExpr: COMMA . Expr

    REALLIT   fazer shift, e ir para o estado 64
    DECLIT    fazer shift, e ir para o estado 65
    BOOLLIT   fazer shift, e ir para o estado 66
    ID        fazer shift, e ir para o estado 67
    PARSEINT  fazer shift, e ir para o estado 34
    OCURV     fazer shift, e ir para o estado 68
    PLUS      fazer shift, e ir para o estado 69
    MINUS     fazer shift, e ir para o estado 70
    NOT       fazer shift, e ir para o estado 71

    Assignment        ir para o estado 73
    MethodInvocation  ir para o estado 74
    ParseArgs         ir para o estado 75
    Expr              ir para o estado 168
    ExprAux           ir para o estado 77


Estado141

   58 MethodInvocation: ID OCURV Expr CommaExpr . CCURV
   61 CommaExpr: CommaExpr . COMMA Expr

    CCURV  fazer shift, e ir para o estado 169
    COMMA  fazer shift, e ir para o estado 170


Estado142

   43 Statement: DO Statement WHILE OCURV . Expr CCURV SEMI

    REALLIT   fazer shift, e ir para o estado 64
    DECLIT    fazer shift, e ir para o estado 65
    BOOLLIT   fazer shift, e ir para o estado 66
    ID        fazer shift, e ir para o estado 67
    PARSEINT  fazer shift, e ir para o estado 34
    OCURV     fazer shift, e ir para o estado 68
    PLUS      fazer shift, e ir para o estado 69
    MINUS     fazer shift, e ir para o estado 70
    NOT       fazer shift, e ir para o estado 71

    Assignment        ir para o estado 73
    MethodInvocation  ir para o estado 74
    ParseArgs         ir para o estado 75
    Expr              ir para o estado 171
    ExprAux           ir para o estado 77


Estado143

   40 Statement: IF OCURV Expr CCURV . Statement
   41          | IF OCURV Expr CCURV . Statement ELSE Statement

    error     fazer shift, e ir para o estado 30
    ID        fazer shift, e ir para o estado 31
    DO        fazer shift, e ir para o estado 32
    IF        fazer shift, e ir para o estado 33
    PARSEINT  fazer shift, e ir para o estado 34
    PRINT     fazer shift, e ir para o estado 35
    RETURN    fazer shift, e ir para o estado 36
    WHILE     fazer shift, e ir para o estado 37
    OBRACE    fazer shift, e ir para o estado 38
    SEMI      fazer shift, e ir para o estado 40

    Statement         ir para o estado 172
    Assignment        ir para o estado 45
    MethodInvocation  ir para o estado 46
    ParseArgs         ir para o estado 47


Estado144

   63 ParseArgs: PARSEINT OCURV error CCURV .

    $default  reduzir usando a regra 63 (ParseArgs)


Estado145

   62 ParseArgs: PARSEINT OCURV ID OSQUARE . Expr CSQUARE CCURV

    REALLIT   fazer shift, e ir para o estado 64
    DECLIT    fazer shift, e ir para o estado 65
    BOOLLIT   fazer shift, e ir para o estado 66
    ID        fazer shift, e ir para o estado 67
    PARSEINT  fazer shift, e ir para o estado 34
    OCURV     fazer shift, e ir para o estado 68
    PLUS      fazer shift, e ir para o estado 69
    MINUS     fazer shift, e ir para o estado 70
    NOT       fazer shift, e ir para o estado 71

    Assignment        ir para o estado 73
    MethodInvocation  ir para o estado 74
    ParseArgs         ir para o estado 75
    Expr              ir para o estado 173
    ExprAux           ir para o estado 77


Estado146

   45 Statement: PRINT OCURV STRLIT CCURV . SEMI

    SEMI  fazer shift, e ir para o estado 174


Estado147

   44 Statement: PRINT OCURV Expr CCURV . SEMI

    SEMI  fazer shift, e ir para o estado 175


Estado148

   90 ExprAux: OCURV error CCURV .

    $default  reduzir usando a regra 90 (ExprAux)


Estado149

   86 ExprAux: OCURV Expr CCURV .

    $default  reduzir usando a regra 86 (ExprAux)


Estado150

   68 ExprAux: ExprAux . AND ExprAux
   68        | ExprAux AND ExprAux .
   69        | ExprAux . OR ExprAux
   70        | ExprAux . EQ ExprAux
   71        | ExprAux . GEQ ExprAux
   72        | ExprAux . GT ExprAux
   73        | ExprAux . LEQ ExprAux
   74        | ExprAux . LT ExprAux
   75        | ExprAux . NEQ ExprAux
   76        | ExprAux . PLUS ExprAux
   77        | ExprAux . MINUS ExprAux
   78        | ExprAux . STAR ExprAux
   79        | ExprAux . DIV ExprAux
   80        | ExprAux . MOD ExprAux

    LT     fazer shift, e ir para o estado 116
    GT     fazer shift, e ir para o estado 117
    EQ     fazer shift, e ir para o estado 118
    NEQ    fazer shift, e ir para o estado 119
    LEQ    fazer shift, e ir para o estado 120
    GEQ    fazer shift, e ir para o estado 121
    PLUS   fazer shift, e ir para o estado 122
    MINUS  fazer shift, e ir para o estado 123
    STAR   fazer shift, e ir para o estado 124
    DIV    fazer shift, e ir para o estado 125
    MOD    fazer shift, e ir para o estado 126

    $default  reduzir usando a regra 68 (ExprAux)


Estado151

   68 ExprAux: ExprAux . AND ExprAux
   69        | ExprAux . OR ExprAux
   69        | ExprAux OR ExprAux .
   70        | ExprAux . EQ ExprAux
   71        | ExprAux . GEQ ExprAux
   72        | ExprAux . GT ExprAux
   73        | ExprAux . LEQ ExprAux
   74        | ExprAux . LT ExprAux
   75        | ExprAux . NEQ ExprAux
   76        | ExprAux . PLUS ExprAux
   77        | ExprAux . MINUS ExprAux
   78        | ExprAux . STAR ExprAux
   79        | ExprAux . DIV ExprAux
   80        | ExprAux . MOD ExprAux

    AND    fazer shift, e ir para o estado 114
    LT     fazer shift, e ir para o estado 116
    GT     fazer shift, e ir para o estado 117
    EQ     fazer shift, e ir para o estado 118
    NEQ    fazer shift, e ir para o estado 119
    LEQ    fazer shift, e ir para o estado 120
    GEQ    fazer shift, e ir para o estado 121
    PLUS   fazer shift, e ir para o estado 122
    MINUS  fazer shift, e ir para o estado 123
    STAR   fazer shift, e ir para o estado 124
    DIV    fazer shift, e ir para o estado 125
    MOD    fazer shift, e ir para o estado 126

    $default  reduzir usando a regra 69 (ExprAux)


Estado152

   68 ExprAux: ExprAux . AND ExprAux
   69        | ExprAux . OR ExprAux
   70        | ExprAux . EQ ExprAux
   71        | ExprAux . GEQ ExprAux
   72        | ExprAux . GT ExprAux
   73        | ExprAux . LEQ ExprAux
   74        | ExprAux . LT ExprAux
   74        | ExprAux LT ExprAux .
   75        | ExprAux . NEQ ExprAux
   76        | ExprAux . PLUS ExprAux
   77        | ExprAux . MINUS ExprAux
   78        | ExprAux . STAR ExprAux
   79        | ExprAux . DIV ExprAux
   80        | ExprAux . MOD ExprAux

    PLUS   fazer shift, e ir para o estado 122
    MINUS  fazer shift, e ir para o estado 123
    STAR   fazer shift, e ir para o estado 124
    DIV    fazer shift, e ir para o estado 125
    MOD    fazer shift, e ir para o estado 126

    $default  reduzir usando a regra 74 (ExprAux)


Estado153

   68 ExprAux: ExprAux . AND ExprAux
   69        | ExprAux . OR ExprAux
   70        | ExprAux . EQ ExprAux
   71        | ExprAux . GEQ ExprAux
   72        | ExprAux . GT ExprAux
   72        | ExprAux GT ExprAux .
   73        | ExprAux . LEQ ExprAux
   74        | ExprAux . LT ExprAux
   75        | ExprAux . NEQ ExprAux
   76        | ExprAux . PLUS ExprAux
   77        | ExprAux . MINUS ExprAux
   78        | ExprAux . STAR ExprAux
   79        | ExprAux . DIV ExprAux
   80        | ExprAux . MOD ExprAux

    PLUS   fazer shift, e ir para o estado 122
    MINUS  fazer shift, e ir para o estado 123
    STAR   fazer shift, e ir para o estado 124
    DIV    fazer shift, e ir para o estado 125
    MOD    fazer shift, e ir para o estado 126

    $default  reduzir usando a regra 72 (ExprAux)


Estado154

   68 ExprAux: ExprAux . AND ExprAux
   69        | ExprAux . OR ExprAux
   70        | ExprAux . EQ ExprAux
   70        | ExprAux EQ ExprAux .
   71        | ExprAux . GEQ ExprAux
   72        | ExprAux . GT ExprAux
   73        | ExprAux . LEQ ExprAux
   74        | ExprAux . LT ExprAux
   75        | ExprAux . NEQ ExprAux
   76        | ExprAux . PLUS ExprAux
   77        | ExprAux . MINUS ExprAux
   78        | ExprAux . STAR ExprAux
   79        | ExprAux . DIV ExprAux
   80        | ExprAux . MOD ExprAux

    LT     fazer shift, e ir para o estado 116
    GT     fazer shift, e ir para o estado 117
    LEQ    fazer shift, e ir para o estado 120
    GEQ    fazer shift, e ir para o estado 121
    PLUS   fazer shift, e ir para o estado 122
    MINUS  fazer shift, e ir para o estado 123
    STAR   fazer shift, e ir para o estado 124
    DIV    fazer shift, e ir para o estado 125
    MOD    fazer shift, e ir para o estado 126

    $default  reduzir usando a regra 70 (ExprAux)


Estado155

   68 ExprAux: ExprAux . AND ExprAux
   69        | ExprAux . OR ExprAux
   70        | ExprAux . EQ ExprAux
   71        | ExprAux . GEQ ExprAux
   72        | ExprAux . GT ExprAux
   73        | ExprAux . LEQ ExprAux
   74        | ExprAux . LT ExprAux
   75        | ExprAux . NEQ ExprAux
   75        | ExprAux NEQ ExprAux .
   76        | ExprAux . PLUS ExprAux
   77        | ExprAux . MINUS ExprAux
   78        | ExprAux . STAR ExprAux
   79        | ExprAux . DIV ExprAux
   80        | ExprAux . MOD ExprAux

    LT     fazer shift, e ir para o estado 116
    GT     fazer shift, e ir para o estado 117
    LEQ    fazer shift, e ir para o estado 120
    GEQ    fazer shift, e ir para o estado 121
    PLUS   fazer shift, e ir para o estado 122
    MINUS  fazer shift, e ir para o estado 123
    STAR   fazer shift, e ir para o estado 124
    DIV    fazer shift, e ir para o estado 125
    MOD    fazer shift, e ir para o estado 126

    $default  reduzir usando a regra 75 (ExprAux)


Estado156

   68 ExprAux: ExprAux . AND ExprAux
   69        | ExprAux . OR ExprAux
   70        | ExprAux . EQ ExprAux
   71        | ExprAux . GEQ ExprAux
   72        | ExprAux . GT ExprAux
   73        | ExprAux . LEQ ExprAux
   73        | ExprAux LEQ ExprAux .
   74        | ExprAux . LT ExprAux
   75        | ExprAux . NEQ ExprAux
   76        | ExprAux . PLUS ExprAux
   77        | ExprAux . MINUS ExprAux
   78        | ExprAux . STAR ExprAux
   79        | ExprAux . DIV ExprAux
   80        | ExprAux . MOD ExprAux

    PLUS   fazer shift, e ir para o estado 122
    MINUS  fazer shift, e ir para o estado 123
    STAR   fazer shift, e ir para o estado 124
    DIV    fazer shift, e ir para o estado 125
    MOD    fazer shift, e ir para o estado 126

    $default  reduzir usando a regra 73 (ExprAux)


Estado157

   68 ExprAux: ExprAux . AND ExprAux
   69        | ExprAux . OR ExprAux
   70        | ExprAux . EQ ExprAux
   71        | ExprAux . GEQ ExprAux
   71        | ExprAux GEQ ExprAux .
   72        | ExprAux . GT ExprAux
   73        | ExprAux . LEQ ExprAux
   74        | ExprAux . LT ExprAux
   75        | ExprAux . NEQ ExprAux
   76        | ExprAux . PLUS ExprAux
   77        | ExprAux . MINUS ExprAux
   78        | ExprAux . STAR ExprAux
   79        | ExprAux . DIV ExprAux
   80        | ExprAux . MOD ExprAux

    PLUS   fazer shift, e ir para o estado 122
    MINUS  fazer shift, e ir para o estado 123
    STAR   fazer shift, e ir para o estado 124
    DIV    fazer shift, e ir para o estado 125
    MOD    fazer shift, e ir para o estado 126

    $default  reduzir usando a regra 71 (ExprAux)


Estado158

   68 ExprAux: ExprAux . AND ExprAux
   69        | ExprAux . OR ExprAux
   70        | ExprAux . EQ ExprAux
   71        | ExprAux . GEQ ExprAux
   72        | ExprAux . GT ExprAux
   73        | ExprAux . LEQ ExprAux
   74        | ExprAux . LT ExprAux
   75        | ExprAux . NEQ ExprAux
   76        | ExprAux . PLUS ExprAux
   76        | ExprAux PLUS ExprAux .
   77        | ExprAux . MINUS ExprAux
   78        | ExprAux . STAR ExprAux
   79        | ExprAux . DIV ExprAux
   80        | ExprAux . MOD ExprAux

    STAR  fazer shift, e ir para o estado 124
    DIV   fazer shift, e ir para o estado 125
    MOD   fazer shift, e ir para o estado 126

    $default  reduzir usando a regra 76 (ExprAux)


Estado159

   68 ExprAux: ExprAux . AND ExprAux
   69        | ExprAux . OR ExprAux
   70        | ExprAux . EQ ExprAux
   71        | ExprAux . GEQ ExprAux
   72        | ExprAux . GT ExprAux
   73        | ExprAux . LEQ ExprAux
   74        | ExprAux . LT ExprAux
   75        | ExprAux . NEQ ExprAux
   76        | ExprAux . PLUS ExprAux
   77        | ExprAux . MINUS ExprAux
   77        | ExprAux MINUS ExprAux .
   78        | ExprAux . STAR ExprAux
   79        | ExprAux . DIV ExprAux
   80        | ExprAux . MOD ExprAux

    STAR  fazer shift, e ir para o estado 124
    DIV   fazer shift, e ir para o estado 125
    MOD   fazer shift, e ir para o estado 126

    $default  reduzir usando a regra 77 (ExprAux)


Estado160

   68 ExprAux: ExprAux . AND ExprAux
   69        | ExprAux . OR ExprAux
   70        | ExprAux . EQ ExprAux
   71        | ExprAux . GEQ ExprAux
   72        | ExprAux . GT ExprAux
   73        | ExprAux . LEQ ExprAux
   74        | ExprAux . LT ExprAux
   75        | ExprAux . NEQ ExprAux
   76        | ExprAux . PLUS ExprAux
   77        | ExprAux . MINUS ExprAux
   78        | ExprAux . STAR ExprAux
   78        | ExprAux STAR ExprAux .
   79        | ExprAux . DIV ExprAux
   80        | ExprAux . MOD ExprAux

    $default  reduzir usando a regra 78 (ExprAux)


Estado161

   68 ExprAux: ExprAux . AND ExprAux
   69        | ExprAux . OR ExprAux
   70        | ExprAux . EQ ExprAux
   71        | ExprAux . GEQ ExprAux
   72        | ExprAux . GT ExprAux
   73        | ExprAux . LEQ ExprAux
   74        | ExprAux . LT ExprAux
   75        | ExprAux . NEQ ExprAux
   76        | ExprAux . PLUS ExprAux
   77        | ExprAux . MINUS ExprAux
   78        | ExprAux . STAR ExprAux
   79        | ExprAux . DIV ExprAux
   79        | ExprAux DIV ExprAux .
   80        | ExprAux . MOD ExprAux

    $default  reduzir usando a regra 79 (ExprAux)


Estado162

   68 ExprAux: ExprAux . AND ExprAux
   69        | ExprAux . OR ExprAux
   70        | ExprAux . EQ ExprAux
   71        | ExprAux . GEQ ExprAux
   72        | ExprAux . GT ExprAux
   73        | ExprAux . LEQ ExprAux
   74        | ExprAux . LT ExprAux
   75        | ExprAux . NEQ ExprAux
   76        | ExprAux . PLUS ExprAux
   77        | ExprAux . MINUS ExprAux
   78        | ExprAux . STAR ExprAux
   79        | ExprAux . DIV ExprAux
   80        | ExprAux . MOD ExprAux
   80        | ExprAux MOD ExprAux .

    $default  reduzir usando a regra 80 (ExprAux)


Estado163

   42 Statement: WHILE OCURV Expr CCURV . Statement

    error     fazer shift, e ir para o estado 30
    ID        fazer shift, e ir para o estado 31
    DO        fazer shift, e ir para o estado 32
    IF        fazer shift, e ir para o estado 33
    PARSEINT  fazer shift, e ir para o estado 34
    PRINT     fazer shift, e ir para o estado 35
    RETURN    fazer shift, e ir para o estado 36
    WHILE     fazer shift, e ir para o estado 37
    OBRACE    fazer shift, e ir para o estado 38
    SEMI      fazer shift, e ir para o estado 40

    Statement         ir para o estado 176
    Assignment        ir para o estado 45
    MethodInvocation  ir para o estado 46
    ParseArgs         ir para o estado 47


Estado164

   33 VarBody: COMMA ID .
   34        | COMMA ID . VarBody

    COMMA  fazer shift, e ir para o estado 131

    $default  reduzir usando a regra 33 (VarBody)

    VarBody  ir para o estado 177


Estado165

   32 VarDecl: Type ID VarBody SEMI .

    $default  reduzir usando a regra 32 (VarDecl)


Estado166

   28 ParamDecl: STRING OSQUARE CSQUARE ID .

    $default  reduzir usando a regra 28 (ParamDecl)


Estado167

   29 CommaTypeID: COMMA Type . ID
   30            | COMMA Type . ID CommaTypeID

    ID  fazer shift, e ir para o estado 178


Estado168

   60 CommaExpr: COMMA Expr .

    $default  reduzir usando a regra 60 (CommaExpr)


Estado169

   58 MethodInvocation: ID OCURV Expr CommaExpr CCURV .

    $default  reduzir usando a regra 58 (MethodInvocation)


Estado170

   61 CommaExpr: CommaExpr COMMA . Expr

    REALLIT   fazer shift, e ir para o estado 64
    DECLIT    fazer shift, e ir para o estado 65
    BOOLLIT   fazer shift, e ir para o estado 66
    ID        fazer shift, e ir para o estado 67
    PARSEINT  fazer shift, e ir para o estado 34
    OCURV     fazer shift, e ir para o estado 68
    PLUS      fazer shift, e ir para o estado 69
    MINUS     fazer shift, e ir para o estado 70
    NOT       fazer shift, e ir para o estado 71

    Assignment        ir para o estado 73
    MethodInvocation  ir para o estado 74
    ParseArgs         ir para o estado 75
    Expr              ir para o estado 179
    ExprAux           ir para o estado 77


Estado171

   43 Statement: DO Statement WHILE OCURV Expr . CCURV SEMI

    CCURV  fazer shift, e ir para o estado 180


Estado172

   40 Statement: IF OCURV Expr CCURV Statement .
   41          | IF OCURV Expr CCURV Statement . ELSE Statement

    ELSE  fazer shift, e ir para o estado 181

    $default  reduzir usando a regra 40 (Statement)


Estado173

   62 ParseArgs: PARSEINT OCURV ID OSQUARE Expr . CSQUARE CCURV

    CSQUARE  fazer shift, e ir para o estado 182


Estado174

   45 Statement: PRINT OCURV STRLIT CCURV SEMI .

    $default  reduzir usando a regra 45 (Statement)


Estado175

   44 Statement: PRINT OCURV Expr CCURV SEMI .

    $default  reduzir usando a regra 44 (Statement)


Estado176

   42 Statement: WHILE OCURV Expr CCURV Statement .

    $default  reduzir usando a regra 42 (Statement)


Estado177

   34 VarBody: COMMA ID VarBody .

    $default  reduzir usando a regra 34 (VarBody)


Estado178

   29 CommaTypeID: COMMA Type ID .
   30            | COMMA Type ID . CommaTypeID

    COMMA  fazer shift, e ir para o estado 136

    $default  reduzir usando a regra 29 (CommaTypeID)

    CommaTypeID  ir para o estado 183


Estado179

   61 CommaExpr: CommaExpr COMMA Expr .

    $default  reduzir usando a regra 61 (CommaExpr)


Estado180

   43 Statement: DO Statement WHILE OCURV Expr CCURV . SEMI

    SEMI  fazer shift, e ir para o estado 184


Estado181

   41 Statement: IF OCURV Expr CCURV Statement ELSE . Statement

    error     fazer shift, e ir para o estado 30
    ID        fazer shift, e ir para o estado 31
    DO        fazer shift, e ir para o estado 32
    IF        fazer shift, e ir para o estado 33
    PARSEINT  fazer shift, e ir para o estado 34
    PRINT     fazer shift, e ir para o estado 35
    RETURN    fazer shift, e ir para o estado 36
    WHILE     fazer shift, e ir para o estado 37
    OBRACE    fazer shift, e ir para o estado 38
    SEMI      fazer shift, e ir para o estado 40

    Statement         ir para o estado 185
    Assignment        ir para o estado 45
    MethodInvocation  ir para o estado 46
    ParseArgs         ir para o estado 47


Estado182

   62 ParseArgs: PARSEINT OCURV ID OSQUARE Expr CSQUARE . CCURV

    CCURV  fazer shift, e ir para o estado 186


Estado183

   30 CommaTypeID: COMMA Type ID CommaTypeID .

    $default  reduzir usando a regra 30 (CommaTypeID)


Estado184

   43 Statement: DO Statement WHILE OCURV Expr CCURV SEMI .

    $default  reduzir usando a regra 43 (Statement)


Estado185

   41 Statement: IF OCURV Expr CCURV Statement ELSE Statement .

    $default  reduzir usando a regra 41 (Statement)


Estado186

   62 ParseArgs: PARSEINT OCURV ID OSQUARE Expr CSQUARE CCURV .

    $default  reduzir usando a regra 62 (ParseArgs)
